[00:56:08] [Server thread/INFO]: Starting minecraft server version 1.10.2
[00:56:08] [Server thread/INFO]: Loading properties
[00:56:08] [Server thread/INFO]: Default game type: SURVIVAL
[00:56:08] [Server thread/INFO]: Generating keypair
[00:56:08] [Server thread/INFO]: Starting Minecraft server on *:25565
[00:56:09] [Server thread/INFO]: Using epoll channel type
[00:56:09] [Server thread/INFO]: This server is running CraftBukkit version git-Bukkit-67b2424 (MC: 1.10.2) (Implementing API version 1.10.2-R0.1-SNAPSHOT)
[00:56:09] [Server thread/INFO]: [dynmap] Loading dynmap v2.3-1142
[00:56:09] [Server thread/INFO]: [dynmap] version=git-Bukkit-67b2424 (MC: 1.10.2)
[00:56:09] [Server thread/INFO]: [dynmap] Mod Support API available
[00:56:09] [Server thread/WARN]: **** SERVER IS RUNNING IN OFFLINE/INSECURE MODE!
[00:56:09] [Server thread/WARN]: The server will make no attempt to authenticate usernames. Beware.
[00:56:09] [Server thread/WARN]: While this makes the game possible to play without internet access, it also opens up the ability for hackers to connect with any username they choose.
[00:56:09] [Server thread/WARN]: To change this, set "online-mode" to "true" in the server.properties file.
[00:56:09] [Server thread/INFO]: Preparing level "Hammerbrooklyn"
[00:56:10] [Server thread/INFO]: Preparing start region for level 0 (Seed: -970587539793254814)
[00:56:16] [Server thread/INFO]: Preparing spawn area: 0%
[00:56:17] [Server thread/INFO]: Preparing spawn area: 41%
[00:56:20] [Server thread/INFO]: Preparing spawn area: 81%
[00:56:21] [Server thread/INFO]: Preparing start region for level 1 (Seed: -970587539793254814)
[00:56:22] [Server thread/INFO]: Preparing spawn area: 94%
[00:56:22] [Server thread/INFO]: Preparing start region for level 2 (Seed: -970587539793254814)
[00:56:22] [Server thread/INFO]: [dynmap] Enabling dynmap v2.3-1142
[00:56:22] [Server thread/INFO]: [dynmap] Added 1 custom biome mappings
[00:56:22] [Server thread/INFO]: [dynmap] Using Bukkit Permissions (superperms) for access control
[00:56:22] [Server thread/INFO]: [dynmap] Web interface permissions only available for online users
[00:56:23] [Server thread/INFO]: [dynmap] Mod Support processing completed
[00:56:24] [Server thread/INFO]: [dynmap] Loaded 23 shaders.
[00:56:24] [Server thread/INFO]: [dynmap] Loaded 82 perspectives.
[00:56:24] [Server thread/INFO]: [dynmap] Loaded 14 lightings.
[00:56:24] [Server thread/INFO]: [dynmap] Web server started on address 0.0.0.0:8123
[00:56:24] [Server thread/INFO]: [dynmap] version 2.3-1142 is enabled - core version 2.3-2074
[00:56:24] [Server thread/INFO]: [dynmap] Loaded 3 maps of world 'Hammerbrooklyn'.
[00:56:24] [Server thread/INFO]: [dynmap] Loaded 155149 pending tile renders for world 'Hammerbrooklyn'
[00:56:24] [Server thread/INFO]: [dynmap] Full render for world 'Hammerbrooklyn' restored
[00:56:24] [Server thread/INFO]: [dynmap] Loaded 2 maps of world 'Hammerbrooklyn_nether'.
[00:56:24] [Server thread/INFO]: [dynmap] Loaded 2 maps of world 'Hammerbrooklyn_the_end'.
[00:56:24] [Server thread/INFO]: [dynmap] Enabled
[00:56:24] [Server thread/INFO]: Server permissions file permissions.yml is empty, ignoring it
[00:56:24] [Server thread/INFO]: Done (14.871s)! For help, type "help" or "?"
[00:56:24] [Server thread/INFO]: Starting GS4 status listener
[00:56:24] [Server thread/INFO]: Starting remote control listener
[00:56:24] [Query Listener #1/INFO]: Query running on 0.0.0.0:25003
[00:56:24] [RCON Listener #2/INFO]: RCON running on 0.0.0.0:25002
[00:56:26] [Dynmap Render Thread/INFO]: [dynmap] Loading default resource pack
[00:56:27] [Server thread/WARN]: Can't keep up! Did the system time change, or is the server overloaded? Running 2222ms behind, skipping 44 tick(s)
